<?xml version="1.0" encoding="UTF-8"?>
<!-- Generated by org.testng.reporters.JUnitXMLReporter -->
<testsuite hostname="Home_Laptop" ignored="0" name="Personal Loan" tests="6" failures="1" timestamp="23 Nov 2022 13:24:22 GMT" time="0.031" errors="0">
  <testcase name="PersonalTest1" time="0.004" classname="test.PersonalLoan"/>
  <testcase name="PersonalTest2" time="0.0" classname="test.PersonalLoan"/>
  <testcase name="PersonalTest3" time="0.001" classname="test.PersonalLoan"/>
  <testcase name="printdata" time="0.001" classname="test.PersonalLoan1"/>
  <testcase name="testcase2" time="0.001" classname="test.PersonalLoan1"/>
  <testcase name="testcase3" time="0.0" classname="test.PersonalLoan1">
    <failure type="java.lang.ArithmeticException" message="/ by zero">
      <![CDATA[java.lang.ArithmeticException: / by zero
at test.PersonalLoan1.testcase3(PersonalLoan1.java:28)
... Removed 25 stack frames]]>
    </failure>
  </testcase> <!-- testcase3 -->
</testsuite> <!-- Personal Loan -->
