<?xml version="1.0" encoding="UTF-8"?>
<!-- Generated by org.testng.reporters.JUnitXMLReporter -->
<testsuite hostname="Home_Laptop" ignored="5" name="Default test" tests="1" failures="0" timestamp="23 Nov 2022 13:43:48 GMT" time="0.019" errors="0">
  <testcase name="HomeLoanWebLogin" time="0.004" classname="test.HomeLoan"/>
  <testcase name="testcase5" time="0.0" classname="test.HomeLoan">
    <ignored/>
  </testcase> <!-- testcase5 -->
  <testcase name="testcase4" time="0.0" classname="test.HomeLoan">
    <ignored/>
  </testcase> <!-- testcase4 -->
  <testcase name="HomeLoanMobileLogin" time="0.0" classname="test.HomeLoan">
    <ignored/>
  </testcase> <!-- HomeLoanMobileLogin -->
  <testcase name="HomeLoanMobileLogout" time="0.0" classname="test.HomeLoan">
    <ignored/>
  </testcase> <!-- HomeLoanMobileLogout -->
  <testcase name="HomeLoanWebLogout" time="0.0" classname="test.HomeLoan">
    <ignored/>
  </testcase> <!-- HomeLoanWebLogout -->
</testsuite> <!-- Default test -->
