<?xml version="1.0" encoding="UTF-8"?>
<!-- Generated by org.testng.reporters.JUnitXMLReporter -->
<testsuite hostname="Home_Laptop" ignored="0" name="Default test" tests="3" failures="0" timestamp="30 Nov 2022 05:42:38 GMT" time="0.032" errors="0">
  <testcase name="launchURL" time="0.007" classname="test.Parametrization"/>
  <testcase name="amazonLogin" time="0.0" classname="test.Parametrization"/>
  <testcase name="searchProduct" time="0.001" classname="test.Parametrization"/>
</testsuite> <!-- Default test -->
