<?xml version="1.0" encoding="UTF-8"?>
<!-- Generated by org.testng.reporters.JUnitXMLReporter -->
<testsuite hostname="Home_Laptop" ignored="1" name="Test4" tests="7" failures="0" timestamp="30 Nov 2022 06:17:19 GMT" time="0.016" errors="0">
  <testcase name="appler" time="0.0" classname="test.AdditionalTestCases"/>
  <testcase name="ProductAdded" time="0.001" classname="test.AdditionalTestCases"/>
  <testcase name="boy" time="0.001" classname="test.AdditionalTestCases"/>
  <testcase name="appleb" time="0.006" classname="test.AdditionalTestCases"/>
  <testcase name="CheckProduct" time="0.0" classname="test.AdditionalTestCases"/>
  <testcase name="dog" time="0.001" classname="test.AdditionalTestCases"/>
  <testcase name="cat" time="0.0" classname="test.AdditionalTestCases"/>
  <testcase name="apple1" time="0.0" classname="test.AdditionalTestCases">
    <ignored/>
  </testcase> <!-- apple1 -->
</testsuite> <!-- Test4 -->
