<?xml version="1.0" encoding="UTF-8"?>
<!-- Generated by org.testng.reporters.JUnitXMLReporter -->
<testsuite hostname="Home_Laptop" ignored="0" name="Test" tests="6" failures="1" timestamp="30 Nov 2022 06:04:58 GMT" time="0.032" errors="0">
  <testcase name="HomeLoanMobileLogin" time="0.003" classname="test.HomeLoan"/>
  <testcase name="HomeLoanMobileLogout" time="0.001" classname="test.HomeLoan"/>
  <testcase name="HomeLoanWebLogin" time="0.001" classname="test.HomeLoan"/>
  <testcase name="HomeLoanWebLogout" time="0.002" classname="test.HomeLoan"/>
  <testcase name="testcase4" time="0.001" classname="test.HomeLoan"/>
  <testcase name="testcase5" time="0.0" classname="test.HomeLoan">
    <failure type="java.lang.ArithmeticException" message="/ by zero">
      <![CDATA[java.lang.ArithmeticException: / by zero
at test.HomeLoan.testcase5(HomeLoan.java:47)
... Removed 25 stack frames]]>
    </failure>
  </testcase> <!-- testcase5 -->
</testsuite> <!-- Test -->
