<?xml version="1.0" encoding="UTF-8"?>
<!-- Generated by org.testng.reporters.JUnitXMLReporter -->
<testsuite hostname="Home_Laptop" ignored="0" name="Test2" tests="3" failures="0" timestamp="30 Nov 2022 06:17:19 GMT" time="0.038" errors="0">
  <testcase name="PersonalTest1" time="0.004" classname="test.PersonalLoan"/>
  <testcase name="PersonalTest2" time="0.001" classname="test.PersonalLoan"/>
  <testcase name="PersonalTest3" time="0.001" classname="test.PersonalLoan"/>
</testsuite> <!-- Test2 -->
