<?xml version="1.0" encoding="UTF-8"?>
<!-- Generated by org.testng.reporters.JUnitXMLReporter -->
<testsuite hostname="Home_Laptop" ignored="7" name="Test" tests="5" failures="0" timestamp="23 Nov 2022 13:44:11 GMT" time="0.029" errors="0">
  <testcase name="testcase4" time="0.003" classname="test.HomeLoan"/>
  <testcase name="testcase5" time="0.0" classname="test.HomeLoan"/>
  <testcase name="PersonalTest1" time="0.001" classname="test.PersonalLoan"/>
  <testcase name="PersonalTest3" time="0.001" classname="test.PersonalLoan"/>
  <testcase name="testcase2" time="0.001" classname="test.PersonalLoan1"/>
  <testcase name="PersonalTest2" time="0.0" classname="test.PersonalLoan">
    <ignored/>
  </testcase> <!-- PersonalTest2 -->
  <testcase name="HomeLoanWebLogin" time="0.0" classname="test.HomeLoan">
    <ignored/>
  </testcase> <!-- HomeLoanWebLogin -->
  <testcase name="HomeLoanMobileLogin" time="0.0" classname="test.HomeLoan">
    <ignored/>
  </testcase> <!-- HomeLoanMobileLogin -->
  <testcase name="HomeLoanMobileLogout" time="0.0" classname="test.HomeLoan">
    <ignored/>
  </testcase> <!-- HomeLoanMobileLogout -->
  <testcase name="HomeLoanWebLogout" time="0.0" classname="test.HomeLoan">
    <ignored/>
  </testcase> <!-- HomeLoanWebLogout -->
  <testcase name="printdata" time="0.0" classname="test.PersonalLoan1">
    <ignored/>
  </testcase> <!-- printdata -->
  <testcase name="testcase3" time="0.0" classname="test.PersonalLoan1">
    <ignored/>
  </testcase> <!-- testcase3 -->
</testsuite> <!-- Test -->
